2025-09-16 12:38:40,154 - INFO - Serving on http://0.0.0.0:5000
2025-09-16 12:38:56,094 - INFO - Usuario: ANÓNIMO | Rol: SIN ROL  | GET /
2025-09-16 12:39:11,707 - INFO - Usuario: ANÓNIMO | Rol: SIN ROL  | POST /
2025-09-16 12:45:53,241 - INFO - Usuario: ANÓNIMO | Rol: SIN ROL  | POST /
2025-09-16 12:45:53,433 - INFO - Usuario: juanse | Rol: administrador  | GET /home
2025-09-16 12:46:13,001 - INFO - Usuario: juanse | Rol: administrador  | GET /inventario_equipos
2025-09-16 12:46:13,227 - INFO - Usuario: juanse | Rol: administrador  | GET /favicon.ico
2025-09-16 13:38:08,967 - INFO - Serving on http://0.0.0.0:5000
2025-09-16 13:38:12,241 - INFO - Usuario: juanse | Rol: administrador  | GET /inventario_equipos
2025-09-16 13:38:12,353 - ERROR - Exception on /inventario_equipos [GET]
Traceback (most recent call last):
  File "C:\Users\juans\OneDrive\Documents\PROYECTOS\INVENTARIO\venv\Lib\site-packages\flask\app.py", line 1511, in wsgi_app
    response = self.full_dispatch_request()
  File "C:\Users\juans\OneDrive\Documents\PROYECTOS\INVENTARIO\venv\Lib\site-packages\flask\app.py", line 919, in full_dispatch_request
    rv = self.handle_user_exception(e)
  File "C:\Users\juans\OneDrive\Documents\PROYECTOS\INVENTARIO\venv\Lib\site-packages\flask\app.py", line 917, in full_dispatch_request
    rv = self.dispatch_request()
  File "C:\Users\juans\OneDrive\Documents\PROYECTOS\INVENTARIO\venv\Lib\site-packages\flask\app.py", line 902, in dispatch_request
    return self.ensure_sync(self.view_functions[rule.endpoint])(**view_args)  # type: ignore[no-any-return]
           ~~~~~~~~~~~~~~~~~~~~~~~~~~~~~~~~~~~~~~~~~~~~~~~~~~~~^^^^^^^^^^^^^
  File "C:\Users\juans\OneDrive\Documents\PROYECTOS\INVENTARIO\invequip.py", line 43, in inventario_equipos
    cur.execute("""
    ~~~~~~~~~~~^^^^
        SELECT e.id, e.nombre, s.nombre AS sede, p.nombre AS piso, o.nombre AS oficina
        ^^^^^^^^^^^^^^^^^^^^^^^^^^^^^^^^^^^^^^^^^^^^^^^^^^^^^^^^^^^^^^^^^^^^^^^^^^^^^^
    ...<4 lines>...
        ORDER BY e.id
        ^^^^^^^^^^^^^
    """)
    ^^^^
psycopg2.errors.UndefinedColumn: no existe la columna e.sede_id
LINE 4:         LEFT JOIN sede s ON e.sede_id = s.id
                                    ^

2025-09-16 13:38:13,702 - INFO - Usuario: juanse | Rol: administrador  | GET /inventario_equipos
2025-09-16 13:38:13,807 - ERROR - Exception on /inventario_equipos [GET]
Traceback (most recent call last):
  File "C:\Users\juans\OneDrive\Documents\PROYECTOS\INVENTARIO\venv\Lib\site-packages\flask\app.py", line 1511, in wsgi_app
    response = self.full_dispatch_request()
  File "C:\Users\juans\OneDrive\Documents\PROYECTOS\INVENTARIO\venv\Lib\site-packages\flask\app.py", line 919, in full_dispatch_request
    rv = self.handle_user_exception(e)
  File "C:\Users\juans\OneDrive\Documents\PROYECTOS\INVENTARIO\venv\Lib\site-packages\flask\app.py", line 917, in full_dispatch_request
    rv = self.dispatch_request()
  File "C:\Users\juans\OneDrive\Documents\PROYECTOS\INVENTARIO\venv\Lib\site-packages\flask\app.py", line 902, in dispatch_request
    return self.ensure_sync(self.view_functions[rule.endpoint])(**view_args)  # type: ignore[no-any-return]
           ~~~~~~~~~~~~~~~~~~~~~~~~~~~~~~~~~~~~~~~~~~~~~~~~~~~~^^^^^^^^^^^^^
  File "C:\Users\juans\OneDrive\Documents\PROYECTOS\INVENTARIO\invequip.py", line 43, in inventario_equipos
    cur.execute("""
    ~~~~~~~~~~~^^^^
        SELECT e.id, e.nombre, s.nombre AS sede, p.nombre AS piso, o.nombre AS oficina
        ^^^^^^^^^^^^^^^^^^^^^^^^^^^^^^^^^^^^^^^^^^^^^^^^^^^^^^^^^^^^^^^^^^^^^^^^^^^^^^
    ...<4 lines>...
        ORDER BY e.id
        ^^^^^^^^^^^^^
    """)
    ^^^^
psycopg2.errors.UndefinedColumn: no existe la columna e.sede_id
LINE 4:         LEFT JOIN sede s ON e.sede_id = s.id
                                    ^

2025-09-16 13:39:23,808 - INFO - Serving on http://0.0.0.0:5000
2025-09-16 13:39:24,410 - INFO - Usuario: juanse | Rol: administrador  | GET /inventario_equipos
2025-09-16 13:39:24,541 - ERROR - Exception on /inventario_equipos [GET]
Traceback (most recent call last):
  File "C:\Users\juans\OneDrive\Documents\PROYECTOS\INVENTARIO\venv\Lib\site-packages\flask\app.py", line 1511, in wsgi_app
    response = self.full_dispatch_request()
  File "C:\Users\juans\OneDrive\Documents\PROYECTOS\INVENTARIO\venv\Lib\site-packages\flask\app.py", line 919, in full_dispatch_request
    rv = self.handle_user_exception(e)
  File "C:\Users\juans\OneDrive\Documents\PROYECTOS\INVENTARIO\venv\Lib\site-packages\flask\app.py", line 917, in full_dispatch_request
    rv = self.dispatch_request()
  File "C:\Users\juans\OneDrive\Documents\PROYECTOS\INVENTARIO\venv\Lib\site-packages\flask\app.py", line 902, in dispatch_request
    return self.ensure_sync(self.view_functions[rule.endpoint])(**view_args)  # type: ignore[no-any-return]
           ~~~~~~~~~~~~~~~~~~~~~~~~~~~~~~~~~~~~~~~~~~~~~~~~~~~~^^^^^^^^^^^^^
  File "C:\Users\juans\OneDrive\Documents\PROYECTOS\INVENTARIO\invequip.py", line 52, in inventario_equipos
    cur.execute("SELECT id, nombre FROM piso ORDER BY id")
    ~~~~~~~~~~~^^^^^^^^^^^^^^^^^^^^^^^^^^^^^^^^^^^^^^^^^^^
psycopg2.errors.UndefinedColumn: no existe la columna «nombre»
LINE 1: SELECT id, nombre FROM piso ORDER BY id
                   ^

2025-09-16 13:39:25,360 - INFO - Usuario: juanse | Rol: administrador  | GET /inventario_equipos
2025-09-16 13:39:25,486 - ERROR - Exception on /inventario_equipos [GET]
Traceback (most recent call last):
  File "C:\Users\juans\OneDrive\Documents\PROYECTOS\INVENTARIO\venv\Lib\site-packages\flask\app.py", line 1511, in wsgi_app
    response = self.full_dispatch_request()
  File "C:\Users\juans\OneDrive\Documents\PROYECTOS\INVENTARIO\venv\Lib\site-packages\flask\app.py", line 919, in full_dispatch_request
    rv = self.handle_user_exception(e)
  File "C:\Users\juans\OneDrive\Documents\PROYECTOS\INVENTARIO\venv\Lib\site-packages\flask\app.py", line 917, in full_dispatch_request
    rv = self.dispatch_request()
  File "C:\Users\juans\OneDrive\Documents\PROYECTOS\INVENTARIO\venv\Lib\site-packages\flask\app.py", line 902, in dispatch_request
    return self.ensure_sync(self.view_functions[rule.endpoint])(**view_args)  # type: ignore[no-any-return]
           ~~~~~~~~~~~~~~~~~~~~~~~~~~~~~~~~~~~~~~~~~~~~~~~~~~~~^^^^^^^^^^^^^
  File "C:\Users\juans\OneDrive\Documents\PROYECTOS\INVENTARIO\invequip.py", line 52, in inventario_equipos
    cur.execute("SELECT id, nombre FROM piso ORDER BY id")
    ~~~~~~~~~~~^^^^^^^^^^^^^^^^^^^^^^^^^^^^^^^^^^^^^^^^^^^
psycopg2.errors.UndefinedColumn: no existe la columna «nombre»
LINE 1: SELECT id, nombre FROM piso ORDER BY id
                   ^

2025-09-16 13:40:10,811 - INFO - Serving on http://0.0.0.0:5000
2025-09-16 13:40:12,820 - INFO - Usuario: juanse | Rol: administrador  | GET /inventario_equipos
2025-09-16 13:40:52,665 - INFO - Usuario: juanse | Rol: administrador  | POST /ubicacion/piso/nuevo
2025-09-16 13:40:52,782 - ERROR - Exception on /ubicacion/piso/nuevo [POST]
Traceback (most recent call last):
  File "C:\Users\juans\OneDrive\Documents\PROYECTOS\INVENTARIO\venv\Lib\site-packages\flask\app.py", line 1511, in wsgi_app
    response = self.full_dispatch_request()
  File "C:\Users\juans\OneDrive\Documents\PROYECTOS\INVENTARIO\venv\Lib\site-packages\flask\app.py", line 919, in full_dispatch_request
    rv = self.handle_user_exception(e)
  File "C:\Users\juans\OneDrive\Documents\PROYECTOS\INVENTARIO\venv\Lib\site-packages\flask\app.py", line 917, in full_dispatch_request
    rv = self.dispatch_request()
  File "C:\Users\juans\OneDrive\Documents\PROYECTOS\INVENTARIO\venv\Lib\site-packages\flask\app.py", line 902, in dispatch_request
    return self.ensure_sync(self.view_functions[rule.endpoint])(**view_args)  # type: ignore[no-any-return]
           ~~~~~~~~~~~~~~~~~~~~~~~~~~~~~~~~~~~~~~~~~~~~~~~~~~~~^^^^^^^^^^^^^
  File "C:\Users\juans\OneDrive\Documents\PROYECTOS\INVENTARIO\invequip.py", line 202, in nuevo_piso
    cur.execute("INSERT INTO piso (nombre) VALUES (%s)", (nombre,))
    ~~~~~~~~~~~^^^^^^^^^^^^^^^^^^^^^^^^^^^^^^^^^^^^^^^^^^^^^^^^^^^^
psycopg2.errors.UndefinedColumn: no existe la columna «nombre» en la relación «piso»
LINE 1: INSERT INTO piso (nombre) VALUES ('piso 3')
                          ^

2025-09-16 13:42:26,397 - INFO - Serving on http://0.0.0.0:5000
2025-09-16 13:42:26,644 - INFO - Usuario: juanse | Rol: administrador  | POST /ubicacion/piso/nuevo
2025-09-16 13:42:26,743 - ERROR - Exception on /ubicacion/piso/nuevo [POST]
Traceback (most recent call last):
  File "C:\Users\juans\OneDrive\Documents\PROYECTOS\INVENTARIO\venv\Lib\site-packages\flask\app.py", line 1511, in wsgi_app
    response = self.full_dispatch_request()
  File "C:\Users\juans\OneDrive\Documents\PROYECTOS\INVENTARIO\venv\Lib\site-packages\flask\app.py", line 919, in full_dispatch_request
    rv = self.handle_user_exception(e)
  File "C:\Users\juans\OneDrive\Documents\PROYECTOS\INVENTARIO\venv\Lib\site-packages\flask\app.py", line 917, in full_dispatch_request
    rv = self.dispatch_request()
  File "C:\Users\juans\OneDrive\Documents\PROYECTOS\INVENTARIO\venv\Lib\site-packages\flask\app.py", line 902, in dispatch_request
    return self.ensure_sync(self.view_functions[rule.endpoint])(**view_args)  # type: ignore[no-any-return]
           ~~~~~~~~~~~~~~~~~~~~~~~~~~~~~~~~~~~~~~~~~~~~~~~~~~~~^^^^^^^^^^^^^
  File "C:\Users\juans\OneDrive\Documents\PROYECTOS\INVENTARIO\invequip.py", line 202, in nuevo_piso
    cur.execute("INSERT INTO piso (nombre) VALUES (%s)", (nombre,))
    ~~~~~~~~~~~^^^^^^^^^^^^^^^^^^^^^^^^^^^^^^^^^^^^^^^^^^^^^^^^^^^^
psycopg2.errors.UndefinedColumn: no existe la columna «nombre» en la relación «piso»
LINE 1: INSERT INTO piso (nombre) VALUES ('piso 3')
                          ^

2025-09-16 13:42:41,959 - INFO - Usuario: juanse | Rol: administrador  | POST /ubicacion/sede/nuevo
2025-09-16 13:42:42,083 - INFO - Usuario: juanse | Rol: administrador  | GET /inventario_equipos
2025-09-16 13:43:04,104 - INFO - Usuario: juanse | Rol: administrador  | POST /ubicacion/sede/eliminar/15
2025-09-16 13:43:04,213 - ERROR - Exception on /ubicacion/sede/eliminar/15 [POST]
Traceback (most recent call last):
  File "C:\Users\juans\OneDrive\Documents\PROYECTOS\INVENTARIO\venv\Lib\site-packages\flask\app.py", line 1511, in wsgi_app
    response = self.full_dispatch_request()
  File "C:\Users\juans\OneDrive\Documents\PROYECTOS\INVENTARIO\venv\Lib\site-packages\flask\app.py", line 919, in full_dispatch_request
    rv = self.handle_user_exception(e)
  File "C:\Users\juans\OneDrive\Documents\PROYECTOS\INVENTARIO\venv\Lib\site-packages\flask\app.py", line 917, in full_dispatch_request
    rv = self.dispatch_request()
  File "C:\Users\juans\OneDrive\Documents\PROYECTOS\INVENTARIO\venv\Lib\site-packages\flask\app.py", line 902, in dispatch_request
    return self.ensure_sync(self.view_functions[rule.endpoint])(**view_args)  # type: ignore[no-any-return]
           ~~~~~~~~~~~~~~~~~~~~~~~~~~~~~~~~~~~~~~~~~~~~~~~~~~~~^^^^^^^^^^^^^
  File "C:\Users\juans\OneDrive\Documents\PROYECTOS\INVENTARIO\invequip.py", line 277, in eliminar_sede
    cur.execute("SELECT COUNT(*) FROM equipo WHERE sede_id=%s", (id,))
    ~~~~~~~~~~~^^^^^^^^^^^^^^^^^^^^^^^^^^^^^^^^^^^^^^^^^^^^^^^^^^^^^^^
psycopg2.errors.UndefinedColumn: no existe la columna «sede_id»
LINE 1: SELECT COUNT(*) FROM equipo WHERE sede_id=15
                                          ^

2025-09-16 13:44:08,979 - INFO - Serving on http://0.0.0.0:5000
2025-09-16 13:44:10,816 - INFO - Usuario: juanse | Rol: administrador  | GET /inventario_equipos
2025-09-16 13:44:14,600 - INFO - Usuario: juanse | Rol: administrador  | POST /ubicacion/sede/eliminar/15
2025-09-16 13:44:14,750 - INFO - Usuario: juanse | Rol: administrador  | GET /inventario_equipos
2025-09-16 13:44:53,007 - INFO - Usuario: juanse | Rol: administrador  | POST /ubicacion/sede/actualizar/2
2025-09-16 13:44:53,128 - INFO - Usuario: juanse | Rol: administrador  | GET /inventario_equipos
2025-09-16 13:55:32,231 - INFO - Serving on http://0.0.0.0:5000
2025-09-16 13:55:34,344 - INFO - Usuario: juanse | Rol: administrador  | GET /inventario_equipos
2025-09-16 13:55:50,213 - INFO - Usuario: juanse | Rol: administrador  | POST /ubicacion/piso/nuevo
2025-09-16 13:55:50,284 - INFO - Usuario: juanse | Rol: administrador  | GET /inventario_equipos
2025-09-16 13:56:04,448 - INFO - Usuario: juanse | Rol: administrador  | POST /ubicacion/sede/nuevo
2025-09-16 13:56:04,512 - INFO - Usuario: juanse | Rol: administrador  | GET /inventario_equipos
2025-09-16 13:56:31,622 - INFO - Usuario: juanse | Rol: administrador  | POST /ubicacion/oficina/nuevo
2025-09-16 13:56:31,683 - ERROR - Exception on /ubicacion/oficina/nuevo [POST]
Traceback (most recent call last):
  File "C:\Users\juans\OneDrive\Documents\PROYECTOS\INVENTARIO\venv\Lib\site-packages\flask\app.py", line 1511, in wsgi_app
    response = self.full_dispatch_request()
  File "C:\Users\juans\OneDrive\Documents\PROYECTOS\INVENTARIO\venv\Lib\site-packages\flask\app.py", line 919, in full_dispatch_request
    rv = self.handle_user_exception(e)
  File "C:\Users\juans\OneDrive\Documents\PROYECTOS\INVENTARIO\venv\Lib\site-packages\flask\app.py", line 917, in full_dispatch_request
    rv = self.dispatch_request()
  File "C:\Users\juans\OneDrive\Documents\PROYECTOS\INVENTARIO\venv\Lib\site-packages\flask\app.py", line 902, in dispatch_request
    return self.ensure_sync(self.view_functions[rule.endpoint])(**view_args)  # type: ignore[no-any-return]
           ~~~~~~~~~~~~~~~~~~~~~~~~~~~~~~~~~~~~~~~~~~~~~~~~~~~~^^^^^^^^^^^^^
  File "C:\Users\juans\OneDrive\Documents\PROYECTOS\INVENTARIO\invequip.py", line 299, in nueva_oficina
    cur.execute("INSERT INTO oficina (oficina) VALUES (%s)", (nombre,))
    ~~~~~~~~~~~^^^^^^^^^^^^^^^^^^^^^^^^^^^^^^^^^^^^^^^^^^^^^^^^^^^^^^^^
psycopg2.errors.UndefinedColumn: no existe la columna «oficina» en la relación «oficina»
LINE 1: INSERT INTO oficina (oficina) VALUES ('salon 502')
                             ^

2025-09-16 13:59:17,071 - INFO - Serving on http://0.0.0.0:5000
2025-09-16 13:59:21,561 - INFO - Usuario: juanse | Rol: administrador  | POST /ubicacion/oficina/nuevo
2025-09-16 13:59:21,634 - INFO - Usuario: juanse | Rol: administrador  | GET /inventario_equipos
2025-09-16 13:59:34,826 - INFO - Usuario: juanse | Rol: administrador  | GET /home
2025-09-16 13:59:34,831 - INFO - Usuario: ANÓNIMO | Rol: SIN ROL  | GET /
2025-09-16 14:00:29,252 - INFO - Usuario: ANÓNIMO | Rol: SIN ROL  | POST /
2025-09-16 14:00:35,015 - INFO - Usuario: ANÓNIMO | Rol: SIN ROL  | POST /
2025-09-16 14:00:35,307 - INFO - Usuario: juanse | Rol: administrador  | GET /home
2025-09-16 14:00:37,435 - INFO - Usuario: juanse | Rol: administrador  | GET /inventario_equipos
2025-09-16 14:00:40,085 - INFO - Usuario: juanse | Rol: administrador  | GET /home
2025-09-16 14:00:41,745 - INFO - Usuario: juanse | Rol: administrador  | GET /inventario_equipos
2025-09-16 14:00:45,735 - INFO - Usuario: juanse | Rol: administrador  | GET /home
2025-09-16 14:00:47,144 - INFO - Usuario: juanse | Rol: administrador  | GET /inventario_equipos
2025-09-16 14:00:51,229 - INFO - Usuario: juanse | Rol: administrador  | GET /home
2025-09-16 14:00:52,806 - INFO - Usuario: juanse | Rol: administrador  | GET /inventario_equipos
2025-09-16 14:09:52,879 - INFO - Serving on http://0.0.0.0:5000
2025-09-16 14:10:03,789 - INFO - Usuario: juanse | Rol: administrador  | GET /inventario_equipos
2025-09-16 14:10:39,984 - INFO - Serving on http://0.0.0.0:5000
2025-09-16 14:10:45,758 - INFO - Usuario: juanse | Rol: administrador  | GET /inventario_equipos
2025-09-16 14:18:41,156 - INFO - Serving on http://0.0.0.0:5000
2025-09-16 14:18:42,019 - INFO - Usuario: juanse | Rol: administrador  | GET /inventario_equipos
2025-09-16 14:19:30,712 - INFO - Serving on http://0.0.0.0:5000
2025-09-16 14:19:31,309 - INFO - Usuario: juanse | Rol: administrador  | GET /inventario_equipos
2025-09-16 14:20:00,142 - INFO - Usuario: juanse | Rol: administrador  | GET /.well-known/appspecific/com.chrome.devtools.json
2025-09-16 14:22:15,845 - INFO - Usuario: juanse | Rol: administrador  | POST /ubicacion/piso/nuevo
2025-09-16 14:22:15,909 - INFO - Usuario: juanse | Rol: administrador  | GET /inventario_equipos
2025-09-16 14:22:26,107 - INFO - Usuario: juanse | Rol: administrador  | POST /ubicacion/piso/nuevo
2025-09-16 14:22:26,175 - INFO - Usuario: juanse | Rol: administrador  | GET /inventario_equipos
2025-09-16 14:22:35,314 - INFO - Usuario: juanse | Rol: administrador  | POST /ubicacion/piso/nuevo
2025-09-16 14:22:35,377 - INFO - Usuario: juanse | Rol: administrador  | GET /inventario_equipos
2025-09-16 14:22:43,222 - INFO - Usuario: juanse | Rol: administrador  | POST /ubicacion/piso/nuevo
2025-09-16 14:22:43,281 - INFO - Usuario: juanse | Rol: administrador  | GET /inventario_equipos
2025-09-16 14:22:54,894 - INFO - Usuario: juanse | Rol: administrador  | POST /ubicacion/piso/nuevo
2025-09-16 14:22:55,050 - INFO - Usuario: juanse | Rol: administrador  | GET /inventario_equipos
2025-09-16 14:23:08,732 - INFO - Usuario: juanse | Rol: administrador  | POST /ubicacion/piso/nuevo
2025-09-16 14:23:08,790 - INFO - Usuario: juanse | Rol: administrador  | GET /inventario_equipos
2025-09-16 14:25:07,175 - INFO - Serving on http://0.0.0.0:5000
2025-09-16 14:25:08,832 - INFO - Usuario: juanse | Rol: administrador  | GET /inventario_equipos
2025-09-16 14:29:27,728 - INFO - Usuario: juanse | Rol: administrador  | GET /home
2025-09-16 14:29:27,737 - INFO - Usuario: ANÓNIMO | Rol: SIN ROL  | GET /
2025-09-16 14:29:41,847 - INFO - Usuario: ANÓNIMO | Rol: SIN ROL  | GET /home
2025-09-16 14:29:41,853 - INFO - Usuario: ANÓNIMO | Rol: SIN ROL  | GET /
2025-09-16 14:29:50,588 - INFO - Usuario: ANÓNIMO | Rol: SIN ROL  | POST /
2025-09-16 14:29:50,852 - INFO - Usuario: jefe | Rol: jefe  | GET /home
2025-09-16 14:30:02,833 - INFO - Usuario: jefe | Rol: jefe  | GET /adminuser
2025-09-16 14:30:16,249 - INFO - Usuario: jefe | Rol: jefe  | GET /home
2025-09-16 14:30:19,162 - INFO - Usuario: jefe | Rol: jefe  | GET /registrar_huella
2025-09-16 14:30:20,785 - INFO - Usuario: jefe | Rol: jefe  | GET /home
2025-09-16 14:30:22,029 - INFO - Usuario: jefe | Rol: jefe  | GET /inventarioarticulo
2025-09-16 14:35:21,137 - INFO - Usuario: ANÓNIMO | Rol: SIN ROL  | GET /
2025-09-16 14:35:32,700 - INFO - Usuario: ANÓNIMO | Rol: SIN ROL  | POST /
2025-09-16 14:35:32,915 - INFO - Usuario: juanse | Rol: administrador  | GET /home
2025-09-16 14:35:35,813 - INFO - Usuario: juanse | Rol: administrador  | GET /inventario_equipos
2025-09-16 14:35:36,079 - INFO - Usuario: juanse | Rol: administrador  | GET /favicon.ico
2025-09-16 15:30:30,748 - INFO - Usuario: juanse | Rol: administrador  | POST /almacenamiento/actualizar/6
2025-09-16 15:30:30,866 - INFO - Usuario: juanse | Rol: administrador  | GET /inventario_equipos
2025-09-16 16:12:46,623 - INFO - Serving on http://0.0.0.0:5000
2025-09-16 16:12:47,699 - INFO - Usuario: juanse | Rol: administrador  | GET /inventario_equipos
2025-09-16 16:18:41,043 - INFO - Usuario: juanse | Rol: administrador  | GET /.well-known/appspecific/com.chrome.devtools.json
2025-09-16 16:32:08,378 - INFO - Serving on http://0.0.0.0:5000
2025-09-16 16:32:09,671 - INFO - Usuario: juanse | Rol: administrador  | GET /inventario_equipos
2025-09-16 16:32:32,566 - INFO - Serving on http://0.0.0.0:5000
2025-09-16 16:32:35,979 - INFO - Usuario: juanse | Rol: administrador  | GET /inventario_equipos
2025-09-16 16:32:39,584 - INFO - Usuario: juanse | Rol: administrador  | GET /inventario_equipos
2025-09-16 16:32:40,292 - INFO - Usuario: juanse | Rol: administrador  | GET /inventario_equipos
2025-09-16 16:32:40,480 - INFO - Usuario: juanse | Rol: administrador  | GET /inventario_equipos
2025-09-16 16:32:40,689 - INFO - Usuario: juanse | Rol: administrador  | GET /inventario_equipos
2025-09-16 16:32:40,875 - INFO - Usuario: juanse | Rol: administrador  | GET /inventario_equipos
2025-09-16 16:32:41,216 - INFO - Usuario: juanse | Rol: administrador  | GET /inventario_equipos
2025-09-16 16:32:41,563 - INFO - Usuario: juanse | Rol: administrador  | GET /inventario_equipos
2025-09-16 16:32:41,762 - INFO - Usuario: juanse | Rol: administrador  | GET /inventario_equipos
2025-09-16 16:32:41,978 - INFO - Usuario: juanse | Rol: administrador  | GET /inventario_equipos
2025-09-16 16:32:42,194 - INFO - Usuario: juanse | Rol: administrador  | GET /inventario_equipos
2025-09-16 16:32:42,815 - INFO - Usuario: juanse | Rol: administrador  | GET /inventario_equipos
2025-09-16 16:32:43,273 - INFO - Usuario: juanse | Rol: administrador  | GET /inventario_equipos
2025-09-16 16:32:47,794 - INFO - Usuario: juanse | Rol: administrador  | GET /inventario_equipos
2025-09-16 16:33:12,457 - INFO - Usuario: juanse | Rol: administrador  | POST /usuarios/baja/1
2025-09-16 16:33:12,538 - INFO - Usuario: juanse | Rol: administrador  | GET /inventario_equipos
2025-09-16 16:33:56,989 - INFO - Usuario: juanse | Rol: administrador  | POST /usuarios/editar/1
2025-09-16 16:33:57,062 - INFO - Usuario: juanse | Rol: administrador  | GET /inventario_equipos
2025-09-16 16:34:08,118 - INFO - Usuario: juanse | Rol: administrador  | POST /usuarios/baja/2
2025-09-16 16:34:08,192 - INFO - Usuario: juanse | Rol: administrador  | GET /inventario_equipos
2025-09-16 16:40:25,371 - INFO - Serving on http://0.0.0.0:5000
2025-09-16 16:40:25,978 - INFO - Usuario: juanse | Rol: administrador  | GET /inventario_equipos
2025-09-16 16:40:37,038 - INFO - Usuario: juanse | Rol: administrador  | POST /usuarios/baja/1
2025-09-16 16:40:37,106 - INFO - Usuario: juanse | Rol: administrador  | GET /inventario_equipos
2025-09-16 16:48:00,718 - INFO - Serving on http://0.0.0.0:5000
2025-09-16 16:48:03,797 - INFO - Usuario: juanse | Rol: administrador  | GET /inventario_equipos
2025-09-16 16:51:29,999 - INFO - Serving on http://0.0.0.0:5000
2025-09-16 16:51:31,620 - INFO - Usuario: juanse | Rol: administrador  | GET /inventario_equipos
2025-09-16 16:51:42,110 - INFO - Usuario: juanse | Rol: administrador  | POST /usuarios/baja/1
2025-09-16 16:51:42,185 - INFO - Usuario: juanse | Rol: administrador  | GET /inventario_equipos
2025-09-16 17:19:39,454 - INFO - Serving on http://0.0.0.0:5000
2025-09-16 17:19:50,688 - INFO - Usuario: juanse | Rol: administrador  | POST /usuarios/baja/2
2025-09-16 17:19:50,779 - INFO - Usuario: juanse | Rol: administrador  | GET /inventario_equipos
2025-09-16 17:23:14,695 - INFO - Usuario: juanse | Rol: administrador  | GET /inventario_equipos
2025-09-16 17:23:22,295 - INFO - Usuario: juanse | Rol: administrador  | POST /usuarios/baja/3
2025-09-16 17:23:22,384 - INFO - Usuario: juanse | Rol: administrador  | GET /inventario_equipos
2025-09-16 17:23:37,750 - INFO - Usuario: juanse | Rol: administrador  | POST /usuarios/baja/3
2025-09-16 17:23:37,841 - INFO - Usuario: juanse | Rol: administrador  | GET /inventario_equipos
2025-09-16 17:53:18,196 - INFO - Usuario: juanse | Rol: administrador  | POST /usuarios/baja/3
2025-09-16 17:53:18,282 - INFO - Usuario: juanse | Rol: administrador  | GET /inventario_equipos
2025-09-16 17:57:06,711 - INFO - Serving on http://0.0.0.0:5000
2025-09-16 17:57:06,766 - INFO - Usuario: juanse | Rol: administrador  | GET /inventario_equipos
2025-09-16 17:57:06,898 - ERROR - Exception on /inventario_equipos [GET]
Traceback (most recent call last):
  File "C:\Users\juans\OneDrive\Documents\PROYECTOS\INVENTARIO\venv\Lib\site-packages\flask\app.py", line 1511, in wsgi_app
    response = self.full_dispatch_request()
  File "C:\Users\juans\OneDrive\Documents\PROYECTOS\INVENTARIO\venv\Lib\site-packages\flask\app.py", line 919, in full_dispatch_request
    rv = self.handle_user_exception(e)
  File "C:\Users\juans\OneDrive\Documents\PROYECTOS\INVENTARIO\venv\Lib\site-packages\flask\app.py", line 917, in full_dispatch_request
    rv = self.dispatch_request()
  File "C:\Users\juans\OneDrive\Documents\PROYECTOS\INVENTARIO\venv\Lib\site-packages\flask\app.py", line 902, in dispatch_request
    return self.ensure_sync(self.view_functions[rule.endpoint])(**view_args)  # type: ignore[no-any-return]
           ~~~~~~~~~~~~~~~~~~~~~~~~~~~~~~~~~~~~~~~~~~~~~~~~~~~~^^^^^^^^^^^^^
  File "C:\Users\juans\OneDrive\Documents\PROYECTOS\INVENTARIO\invequip.py", line 101, in inventario_equipos
    return render_template("inventarioequipos.html",
                           usuario=session["usuario"],
    ...<13 lines>...
                           telefonos=telefonos,
                           bajas_usuarios=bajas_usuarios)
  File "C:\Users\juans\OneDrive\Documents\PROYECTOS\INVENTARIO\venv\Lib\site-packages\flask\templating.py", line 150, in render_template
    return _render(app, template, context)
  File "C:\Users\juans\OneDrive\Documents\PROYECTOS\INVENTARIO\venv\Lib\site-packages\flask\templating.py", line 131, in _render
    rv = template.render(context)
  File "C:\Users\juans\OneDrive\Documents\PROYECTOS\INVENTARIO\venv\Lib\site-packages\jinja2\environment.py", line 1295, in render
    self.environment.handle_exception()
    ~~~~~~~~~~~~~~~~~~~~~~~~~~~~~~~~~^^
  File "C:\Users\juans\OneDrive\Documents\PROYECTOS\INVENTARIO\venv\Lib\site-packages\jinja2\environment.py", line 942, in handle_exception
    raise rewrite_traceback_stack(source=source)
  File "C:\Users\juans\OneDrive\Documents\PROYECTOS\INVENTARIO\templates\inventarioequipos.html", line 718, in top-level template code
    <button class="btn btn-danger btn-sm" data-bs-toggle="modal" data-bs-target="#modalBaja{{ r[0] }}">
    ^^^^^^^^^^^^^
  File "C:\Users\juans\OneDrive\Documents\PROYECTOS\INVENTARIO\venv\Lib\site-packages\jinja2\environment.py", line 471, in getitem
    return obj[argument]
           ~~~^^^^^^^^^^
jinja2.exceptions.UndefinedError: 'r' is undefined
2025-09-16 17:57:32,304 - INFO - Serving on http://0.0.0.0:5000
2025-09-16 17:57:33,119 - INFO - Usuario: juanse | Rol: administrador  | GET /inventario_equipos
2025-09-16 17:57:33,299 - ERROR - Exception on /inventario_equipos [GET]
Traceback (most recent call last):
  File "C:\Users\juans\OneDrive\Documents\PROYECTOS\INVENTARIO\venv\Lib\site-packages\flask\app.py", line 1511, in wsgi_app
    response = self.full_dispatch_request()
  File "C:\Users\juans\OneDrive\Documents\PROYECTOS\INVENTARIO\venv\Lib\site-packages\flask\app.py", line 919, in full_dispatch_request
    rv = self.handle_user_exception(e)
  File "C:\Users\juans\OneDrive\Documents\PROYECTOS\INVENTARIO\venv\Lib\site-packages\flask\app.py", line 917, in full_dispatch_request
    rv = self.dispatch_request()
  File "C:\Users\juans\OneDrive\Documents\PROYECTOS\INVENTARIO\venv\Lib\site-packages\flask\app.py", line 902, in dispatch_request
    return self.ensure_sync(self.view_functions[rule.endpoint])(**view_args)  # type: ignore[no-any-return]
           ~~~~~~~~~~~~~~~~~~~~~~~~~~~~~~~~~~~~~~~~~~~~~~~~~~~~^^^^^^^^^^^^^
  File "C:\Users\juans\OneDrive\Documents\PROYECTOS\INVENTARIO\invequip.py", line 101, in inventario_equipos
    return render_template("inventarioequipos.html",
                           usuario=session["usuario"],
    ...<13 lines>...
                           telefonos=telefonos,
                           bajas_usuarios=bajas_usuarios)
  File "C:\Users\juans\OneDrive\Documents\PROYECTOS\INVENTARIO\venv\Lib\site-packages\flask\templating.py", line 150, in render_template
    return _render(app, template, context)
  File "C:\Users\juans\OneDrive\Documents\PROYECTOS\INVENTARIO\venv\Lib\site-packages\flask\templating.py", line 131, in _render
    rv = template.render(context)
  File "C:\Users\juans\OneDrive\Documents\PROYECTOS\INVENTARIO\venv\Lib\site-packages\jinja2\environment.py", line 1295, in render
    self.environment.handle_exception()
    ~~~~~~~~~~~~~~~~~~~~~~~~~~~~~~~~~^^
  File "C:\Users\juans\OneDrive\Documents\PROYECTOS\INVENTARIO\venv\Lib\site-packages\jinja2\environment.py", line 942, in handle_exception
    raise rewrite_traceback_stack(source=source)
  File "C:\Users\juans\OneDrive\Documents\PROYECTOS\INVENTARIO\templates\inventarioequipos.html", line 718, in top-level template code
    <button class="btn btn-danger btn-sm" data-bs-toggle="modal" data-bs-target="#modalBajausu{{ r[0] }}">
    ^^^^^^^^^^^^^
  File "C:\Users\juans\OneDrive\Documents\PROYECTOS\INVENTARIO\venv\Lib\site-packages\jinja2\environment.py", line 471, in getitem
    return obj[argument]
           ~~~^^^^^^^^^^
jinja2.exceptions.UndefinedError: 'r' is undefined
2025-09-16 17:57:34,131 - INFO - Usuario: juanse | Rol: administrador  | GET /inventario_equipos
2025-09-16 17:57:34,190 - ERROR - Exception on /inventario_equipos [GET]
Traceback (most recent call last):
  File "C:\Users\juans\OneDrive\Documents\PROYECTOS\INVENTARIO\venv\Lib\site-packages\flask\app.py", line 1511, in wsgi_app
    response = self.full_dispatch_request()
  File "C:\Users\juans\OneDrive\Documents\PROYECTOS\INVENTARIO\venv\Lib\site-packages\flask\app.py", line 919, in full_dispatch_request
    rv = self.handle_user_exception(e)
  File "C:\Users\juans\OneDrive\Documents\PROYECTOS\INVENTARIO\venv\Lib\site-packages\flask\app.py", line 917, in full_dispatch_request
    rv = self.dispatch_request()
  File "C:\Users\juans\OneDrive\Documents\PROYECTOS\INVENTARIO\venv\Lib\site-packages\flask\app.py", line 902, in dispatch_request
    return self.ensure_sync(self.view_functions[rule.endpoint])(**view_args)  # type: ignore[no-any-return]
           ~~~~~~~~~~~~~~~~~~~~~~~~~~~~~~~~~~~~~~~~~~~~~~~~~~~~^^^^^^^^^^^^^
  File "C:\Users\juans\OneDrive\Documents\PROYECTOS\INVENTARIO\invequip.py", line 101, in inventario_equipos
    return render_template("inventarioequipos.html",
                           usuario=session["usuario"],
    ...<13 lines>...
                           telefonos=telefonos,
                           bajas_usuarios=bajas_usuarios)
  File "C:\Users\juans\OneDrive\Documents\PROYECTOS\INVENTARIO\venv\Lib\site-packages\flask\templating.py", line 150, in render_template
    return _render(app, template, context)
  File "C:\Users\juans\OneDrive\Documents\PROYECTOS\INVENTARIO\venv\Lib\site-packages\flask\templating.py", line 131, in _render
    rv = template.render(context)
  File "C:\Users\juans\OneDrive\Documents\PROYECTOS\INVENTARIO\venv\Lib\site-packages\jinja2\environment.py", line 1295, in render
    self.environment.handle_exception()
    ~~~~~~~~~~~~~~~~~~~~~~~~~~~~~~~~~^^
  File "C:\Users\juans\OneDrive\Documents\PROYECTOS\INVENTARIO\venv\Lib\site-packages\jinja2\environment.py", line 942, in handle_exception
    raise rewrite_traceback_stack(source=source)
  File "C:\Users\juans\OneDrive\Documents\PROYECTOS\INVENTARIO\templates\inventarioequipos.html", line 718, in top-level template code
    <button class="btn btn-danger btn-sm" data-bs-toggle="modal" data-bs-target="#modalBajausu{{ r[0] }}">
    ^^^^^^^^^^^^^
  File "C:\Users\juans\OneDrive\Documents\PROYECTOS\INVENTARIO\venv\Lib\site-packages\jinja2\environment.py", line 471, in getitem
    return obj[argument]
           ~~~^^^^^^^^^^
jinja2.exceptions.UndefinedError: 'r' is undefined
2025-09-16 17:59:18,060 - INFO - Serving on http://0.0.0.0:5000
2025-09-16 17:59:36,759 - INFO - Usuario: juanse | Rol: administrador  | GET /inventario_equipos
2025-09-16 17:59:36,849 - ERROR - Exception on /inventario_equipos [GET]
Traceback (most recent call last):
  File "C:\Users\juans\OneDrive\Documents\PROYECTOS\INVENTARIO\venv\Lib\site-packages\flask\app.py", line 1511, in wsgi_app
    response = self.full_dispatch_request()
  File "C:\Users\juans\OneDrive\Documents\PROYECTOS\INVENTARIO\venv\Lib\site-packages\flask\app.py", line 919, in full_dispatch_request
    rv = self.handle_user_exception(e)
  File "C:\Users\juans\OneDrive\Documents\PROYECTOS\INVENTARIO\venv\Lib\site-packages\flask\app.py", line 917, in full_dispatch_request
    rv = self.dispatch_request()
  File "C:\Users\juans\OneDrive\Documents\PROYECTOS\INVENTARIO\venv\Lib\site-packages\flask\app.py", line 902, in dispatch_request
    return self.ensure_sync(self.view_functions[rule.endpoint])(**view_args)  # type: ignore[no-any-return]
           ~~~~~~~~~~~~~~~~~~~~~~~~~~~~~~~~~~~~~~~~~~~~~~~~~~~~^^^^^^^^^^^^^
  File "C:\Users\juans\OneDrive\Documents\PROYECTOS\INVENTARIO\invequip.py", line 101, in inventario_equipos
    return render_template("inventarioequipos.html",
                           usuario=session["usuario"],
    ...<13 lines>...
                           telefonos=telefonos,
                           bajas_usuarios=bajas_usuarios)
  File "C:\Users\juans\OneDrive\Documents\PROYECTOS\INVENTARIO\venv\Lib\site-packages\flask\templating.py", line 150, in render_template
    return _render(app, template, context)
  File "C:\Users\juans\OneDrive\Documents\PROYECTOS\INVENTARIO\venv\Lib\site-packages\flask\templating.py", line 131, in _render
    rv = template.render(context)
  File "C:\Users\juans\OneDrive\Documents\PROYECTOS\INVENTARIO\venv\Lib\site-packages\jinja2\environment.py", line 1295, in render
    self.environment.handle_exception()
    ~~~~~~~~~~~~~~~~~~~~~~~~~~~~~~~~~^^
  File "C:\Users\juans\OneDrive\Documents\PROYECTOS\INVENTARIO\venv\Lib\site-packages\jinja2\environment.py", line 942, in handle_exception
    raise rewrite_traceback_stack(source=source)
  File "C:\Users\juans\OneDrive\Documents\PROYECTOS\INVENTARIO\templates\inventarioequipos.html", line 718, in top-level template code
    <button class="btn btn-danger btn-sm" data-bs-toggle="modal" data-bs-target="#modalBajausu{{ r[0] }}">
    ^^^^^^^^^^^^^
  File "C:\Users\juans\OneDrive\Documents\PROYECTOS\INVENTARIO\venv\Lib\site-packages\jinja2\environment.py", line 471, in getitem
    return obj[argument]
           ~~~^^^^^^^^^^
jinja2.exceptions.UndefinedError: 'r' is undefined
2025-09-16 18:00:30,055 - INFO - Serving on http://0.0.0.0:5000
2025-09-16 18:00:30,288 - INFO - Usuario: juanse | Rol: administrador  | GET /inventario_equipos
2025-09-16 18:00:30,424 - ERROR - Exception on /inventario_equipos [GET]
Traceback (most recent call last):
  File "C:\Users\juans\OneDrive\Documents\PROYECTOS\INVENTARIO\venv\Lib\site-packages\flask\app.py", line 1511, in wsgi_app
    response = self.full_dispatch_request()
  File "C:\Users\juans\OneDrive\Documents\PROYECTOS\INVENTARIO\venv\Lib\site-packages\flask\app.py", line 919, in full_dispatch_request
    rv = self.handle_user_exception(e)
  File "C:\Users\juans\OneDrive\Documents\PROYECTOS\INVENTARIO\venv\Lib\site-packages\flask\app.py", line 917, in full_dispatch_request
    rv = self.dispatch_request()
  File "C:\Users\juans\OneDrive\Documents\PROYECTOS\INVENTARIO\venv\Lib\site-packages\flask\app.py", line 902, in dispatch_request
    return self.ensure_sync(self.view_functions[rule.endpoint])(**view_args)  # type: ignore[no-any-return]
           ~~~~~~~~~~~~~~~~~~~~~~~~~~~~~~~~~~~~~~~~~~~~~~~~~~~~^^^^^^^^^^^^^
  File "C:\Users\juans\OneDrive\Documents\PROYECTOS\INVENTARIO\invequip.py", line 101, in inventario_equipos
    return render_template("inventarioequipos.html",
                           usuario=session["usuario"],
    ...<13 lines>...
                           telefonos=telefonos,
                           bajas_usuarios=bajas_usuarios)
  File "C:\Users\juans\OneDrive\Documents\PROYECTOS\INVENTARIO\venv\Lib\site-packages\flask\templating.py", line 150, in render_template
    return _render(app, template, context)
  File "C:\Users\juans\OneDrive\Documents\PROYECTOS\INVENTARIO\venv\Lib\site-packages\flask\templating.py", line 131, in _render
    rv = template.render(context)
  File "C:\Users\juans\OneDrive\Documents\PROYECTOS\INVENTARIO\venv\Lib\site-packages\jinja2\environment.py", line 1295, in render
    self.environment.handle_exception()
    ~~~~~~~~~~~~~~~~~~~~~~~~~~~~~~~~~^^
  File "C:\Users\juans\OneDrive\Documents\PROYECTOS\INVENTARIO\venv\Lib\site-packages\jinja2\environment.py", line 942, in handle_exception
    raise rewrite_traceback_stack(source=source)
  File "C:\Users\juans\OneDrive\Documents\PROYECTOS\INVENTARIO\templates\inventarioequipos.html", line 718, in top-level template code
    <button class="btn btn-danger btn-sm" data-bs-toggle="modal" data-bs-target="#modalBajausu{{ ru[0] }}">
    ^^^^^^^^^^^^^
  File "C:\Users\juans\OneDrive\Documents\PROYECTOS\INVENTARIO\venv\Lib\site-packages\jinja2\environment.py", line 471, in getitem
    return obj[argument]
           ~~~^^^^^^^^^^
jinja2.exceptions.UndefinedError: 'ru' is undefined
2025-09-16 18:00:48,681 - INFO - Serving on http://0.0.0.0:5000
2025-09-16 18:00:49,566 - INFO - Usuario: juanse | Rol: administrador  | GET /inventario_equipos
2025-09-16 18:00:49,744 - ERROR - Exception on /inventario_equipos [GET]
Traceback (most recent call last):
  File "C:\Users\juans\OneDrive\Documents\PROYECTOS\INVENTARIO\venv\Lib\site-packages\flask\app.py", line 1511, in wsgi_app
    response = self.full_dispatch_request()
  File "C:\Users\juans\OneDrive\Documents\PROYECTOS\INVENTARIO\venv\Lib\site-packages\flask\app.py", line 919, in full_dispatch_request
    rv = self.handle_user_exception(e)
  File "C:\Users\juans\OneDrive\Documents\PROYECTOS\INVENTARIO\venv\Lib\site-packages\flask\app.py", line 917, in full_dispatch_request
    rv = self.dispatch_request()
  File "C:\Users\juans\OneDrive\Documents\PROYECTOS\INVENTARIO\venv\Lib\site-packages\flask\app.py", line 902, in dispatch_request
    return self.ensure_sync(self.view_functions[rule.endpoint])(**view_args)  # type: ignore[no-any-return]
           ~~~~~~~~~~~~~~~~~~~~~~~~~~~~~~~~~~~~~~~~~~~~~~~~~~~~^^^^^^^^^^^^^
  File "C:\Users\juans\OneDrive\Documents\PROYECTOS\INVENTARIO\invequip.py", line 101, in inventario_equipos
    return render_template("inventarioequipos.html",
                           usuario=session["usuario"],
    ...<13 lines>...
                           telefonos=telefonos,
                           bajas_usuarios=bajas_usuarios)
  File "C:\Users\juans\OneDrive\Documents\PROYECTOS\INVENTARIO\venv\Lib\site-packages\flask\templating.py", line 150, in render_template
    return _render(app, template, context)
  File "C:\Users\juans\OneDrive\Documents\PROYECTOS\INVENTARIO\venv\Lib\site-packages\flask\templating.py", line 131, in _render
    rv = template.render(context)
  File "C:\Users\juans\OneDrive\Documents\PROYECTOS\INVENTARIO\venv\Lib\site-packages\jinja2\environment.py", line 1295, in render
    self.environment.handle_exception()
    ~~~~~~~~~~~~~~~~~~~~~~~~~~~~~~~~~^^
  File "C:\Users\juans\OneDrive\Documents\PROYECTOS\INVENTARIO\venv\Lib\site-packages\jinja2\environment.py", line 942, in handle_exception
    raise rewrite_traceback_stack(source=source)
  File "C:\Users\juans\OneDrive\Documents\PROYECTOS\INVENTARIO\templates\inventarioequipos.html", line 718, in top-level template code
    <button class="btn btn-danger btn-sm" data-bs-toggle="modal" data-bs-target="#modalBajausu{{ ru[0] }}">
    ^^^^^^^^^^^^^
  File "C:\Users\juans\OneDrive\Documents\PROYECTOS\INVENTARIO\venv\Lib\site-packages\jinja2\environment.py", line 471, in getitem
    return obj[argument]
           ~~~^^^^^^^^^^
jinja2.exceptions.UndefinedError: 'ru' is undefined
2025-09-16 18:02:45,308 - INFO - Serving on http://0.0.0.0:5000
2025-09-16 18:02:46,984 - INFO - Usuario: juanse | Rol: administrador  | GET /inventario_equipos
2025-09-16 18:02:47,228 - ERROR - Exception on /inventario_equipos [GET]
Traceback (most recent call last):
  File "C:\Users\juans\OneDrive\Documents\PROYECTOS\INVENTARIO\venv\Lib\site-packages\flask\app.py", line 1511, in wsgi_app
    response = self.full_dispatch_request()
  File "C:\Users\juans\OneDrive\Documents\PROYECTOS\INVENTARIO\venv\Lib\site-packages\flask\app.py", line 919, in full_dispatch_request
    rv = self.handle_user_exception(e)
  File "C:\Users\juans\OneDrive\Documents\PROYECTOS\INVENTARIO\venv\Lib\site-packages\flask\app.py", line 917, in full_dispatch_request
    rv = self.dispatch_request()
  File "C:\Users\juans\OneDrive\Documents\PROYECTOS\INVENTARIO\venv\Lib\site-packages\flask\app.py", line 902, in dispatch_request
    return self.ensure_sync(self.view_functions[rule.endpoint])(**view_args)  # type: ignore[no-any-return]
           ~~~~~~~~~~~~~~~~~~~~~~~~~~~~~~~~~~~~~~~~~~~~~~~~~~~~^^^^^^^^^^^^^
  File "C:\Users\juans\OneDrive\Documents\PROYECTOS\INVENTARIO\invequip.py", line 101, in inventario_equipos
    return render_template("inventarioequipos.html",
                           usuario=session["usuario"],
    ...<13 lines>...
                           telefonos=telefonos,
                           bajas_usuarios=bajas_usuarios)
  File "C:\Users\juans\OneDrive\Documents\PROYECTOS\INVENTARIO\venv\Lib\site-packages\flask\templating.py", line 150, in render_template
    return _render(app, template, context)
  File "C:\Users\juans\OneDrive\Documents\PROYECTOS\INVENTARIO\venv\Lib\site-packages\flask\templating.py", line 131, in _render
    rv = template.render(context)
  File "C:\Users\juans\OneDrive\Documents\PROYECTOS\INVENTARIO\venv\Lib\site-packages\jinja2\environment.py", line 1295, in render
    self.environment.handle_exception()
    ~~~~~~~~~~~~~~~~~~~~~~~~~~~~~~~~~^^
  File "C:\Users\juans\OneDrive\Documents\PROYECTOS\INVENTARIO\venv\Lib\site-packages\jinja2\environment.py", line 942, in handle_exception
    raise rewrite_traceback_stack(source=source)
  File "C:\Users\juans\OneDrive\Documents\PROYECTOS\INVENTARIO\templates\inventarioequipos.html", line 728, in top-level template code
    <h5 class="modal-title">Dar de baja ID {{ r[0] }}</h5>
    ^^^
  File "C:\Users\juans\OneDrive\Documents\PROYECTOS\INVENTARIO\venv\Lib\site-packages\jinja2\environment.py", line 471, in getitem
    return obj[argument]
           ~~~^^^^^^^^^^
jinja2.exceptions.UndefinedError: 'r' is undefined
2025-09-16 18:03:13,697 - INFO - Serving on http://0.0.0.0:5000
2025-09-16 18:03:14,568 - INFO - Usuario: juanse | Rol: administrador  | GET /inventario_equipos
2025-09-16 18:03:33,052 - INFO - Usuario: juanse | Rol: administrador  | POST /usuarios/baja/3
2025-09-16 18:03:33,117 - INFO - Usuario: juanse | Rol: administrador  | GET /inventario_equipos
2025-09-16 18:04:19,996 - INFO - Usuario: juanse | Rol: administrador  | GET /inventario_equipos
2025-09-16 18:04:32,208 - INFO - Usuario: juanse | Rol: administrador  | POST /usuarios/baja/3
2025-09-16 18:04:32,360 - INFO - Usuario: juanse | Rol: administrador  | GET /inventario_equipos
2025-09-16 18:05:58,186 - INFO - Usuario: juanse | Rol: administrador  | POST /usuarios/baja/3
2025-09-16 18:05:58,256 - INFO - Usuario: juanse | Rol: administrador  | GET /inventario_equipos
2025-09-16 18:08:34,203 - INFO - Serving on http://0.0.0.0:5000
2025-09-16 18:08:58,559 - INFO - Usuario: juanse | Rol: administrador  | GET /inventario_equipos
2025-09-16 18:09:09,013 - INFO - Usuario: juanse | Rol: administrador  | POST /usuarios/baja/3
2025-09-16 18:09:09,181 - INFO - Usuario: juanse | Rol: administrador  | GET /inventario_equipos
2025-09-16 18:11:34,196 - INFO - Serving on http://0.0.0.0:5000
2025-09-16 18:11:37,608 - INFO - Usuario: juanse | Rol: administrador  | GET /inventario_equipos
2025-09-16 18:12:16,314 - INFO - Usuario: juanse | Rol: administrador  | POST /usuarios/editar/2
2025-09-16 18:12:16,394 - INFO - Usuario: juanse | Rol: administrador  | GET /inventario_equipos
2025-09-16 18:15:06,429 - INFO - Serving on http://0.0.0.0:5000
2025-09-16 18:15:08,929 - INFO - Usuario: juanse | Rol: administrador  | GET /inventario_equipos
2025-09-16 18:15:09,118 - ERROR - Exception on /inventario_equipos [GET]
Traceback (most recent call last):
  File "C:\Users\juans\OneDrive\Documents\PROYECTOS\INVENTARIO\venv\Lib\site-packages\flask\app.py", line 1511, in wsgi_app
    response = self.full_dispatch_request()
  File "C:\Users\juans\OneDrive\Documents\PROYECTOS\INVENTARIO\venv\Lib\site-packages\flask\app.py", line 919, in full_dispatch_request
    rv = self.handle_user_exception(e)
  File "C:\Users\juans\OneDrive\Documents\PROYECTOS\INVENTARIO\venv\Lib\site-packages\flask\app.py", line 917, in full_dispatch_request
    rv = self.dispatch_request()
  File "C:\Users\juans\OneDrive\Documents\PROYECTOS\INVENTARIO\venv\Lib\site-packages\flask\app.py", line 902, in dispatch_request
    return self.ensure_sync(self.view_functions[rule.endpoint])(**view_args)  # type: ignore[no-any-return]
           ~~~~~~~~~~~~~~~~~~~~~~~~~~~~~~~~~~~~~~~~~~~~~~~~~~~~^^^^^^^^^^^^^
  File "C:\Users\juans\OneDrive\Documents\PROYECTOS\INVENTARIO\invequip.py", line 101, in inventario_equipos
    return render_template("inventarioequipos.html",
                           usuario=session["usuario"],
    ...<13 lines>...
                           telefonos=telefonos,
                           bajas_usuarios=bajas_usuarios)
  File "C:\Users\juans\OneDrive\Documents\PROYECTOS\INVENTARIO\venv\Lib\site-packages\flask\templating.py", line 150, in render_template
    return _render(app, template, context)
  File "C:\Users\juans\OneDrive\Documents\PROYECTOS\INVENTARIO\venv\Lib\site-packages\flask\templating.py", line 131, in _render
    rv = template.render(context)
  File "C:\Users\juans\OneDrive\Documents\PROYECTOS\INVENTARIO\venv\Lib\site-packages\jinja2\environment.py", line 1295, in render
    self.environment.handle_exception()
    ~~~~~~~~~~~~~~~~~~~~~~~~~~~~~~~~~^^
  File "C:\Users\juans\OneDrive\Documents\PROYECTOS\INVENTARIO\venv\Lib\site-packages\jinja2\environment.py", line 942, in handle_exception
    raise rewrite_traceback_stack(source=source)
  File "C:\Users\juans\OneDrive\Documents\PROYECTOS\INVENTARIO\templates\inventarioequipos.html", line 782, in top-level template code
    <td>{{ b[0] }}</td>
    ^^^^^^^^^^^^^
  File "C:\Users\juans\OneDrive\Documents\PROYECTOS\INVENTARIO\venv\Lib\site-packages\jinja2\environment.py", line 471, in getitem
    return obj[argument]
           ~~~^^^^^^^^^^
jinja2.exceptions.UndefinedError: 'b' is undefined
2025-09-16 18:15:11,093 - INFO - Usuario: juanse | Rol: administrador  | GET /inventario_equipos
2025-09-16 18:15:11,157 - ERROR - Exception on /inventario_equipos [GET]
Traceback (most recent call last):
  File "C:\Users\juans\OneDrive\Documents\PROYECTOS\INVENTARIO\venv\Lib\site-packages\flask\app.py", line 1511, in wsgi_app
    response = self.full_dispatch_request()
  File "C:\Users\juans\OneDrive\Documents\PROYECTOS\INVENTARIO\venv\Lib\site-packages\flask\app.py", line 919, in full_dispatch_request
    rv = self.handle_user_exception(e)
  File "C:\Users\juans\OneDrive\Documents\PROYECTOS\INVENTARIO\venv\Lib\site-packages\flask\app.py", line 917, in full_dispatch_request
    rv = self.dispatch_request()
  File "C:\Users\juans\OneDrive\Documents\PROYECTOS\INVENTARIO\venv\Lib\site-packages\flask\app.py", line 902, in dispatch_request
    return self.ensure_sync(self.view_functions[rule.endpoint])(**view_args)  # type: ignore[no-any-return]
           ~~~~~~~~~~~~~~~~~~~~~~~~~~~~~~~~~~~~~~~~~~~~~~~~~~~~^^^^^^^^^^^^^
  File "C:\Users\juans\OneDrive\Documents\PROYECTOS\INVENTARIO\invequip.py", line 101, in inventario_equipos
    return render_template("inventarioequipos.html",
                           usuario=session["usuario"],
    ...<13 lines>...
                           telefonos=telefonos,
                           bajas_usuarios=bajas_usuarios)
  File "C:\Users\juans\OneDrive\Documents\PROYECTOS\INVENTARIO\venv\Lib\site-packages\flask\templating.py", line 150, in render_template
    return _render(app, template, context)
  File "C:\Users\juans\OneDrive\Documents\PROYECTOS\INVENTARIO\venv\Lib\site-packages\flask\templating.py", line 131, in _render
    rv = template.render(context)
  File "C:\Users\juans\OneDrive\Documents\PROYECTOS\INVENTARIO\venv\Lib\site-packages\jinja2\environment.py", line 1295, in render
    self.environment.handle_exception()
    ~~~~~~~~~~~~~~~~~~~~~~~~~~~~~~~~~^^
  File "C:\Users\juans\OneDrive\Documents\PROYECTOS\INVENTARIO\venv\Lib\site-packages\jinja2\environment.py", line 942, in handle_exception
    raise rewrite_traceback_stack(source=source)
  File "C:\Users\juans\OneDrive\Documents\PROYECTOS\INVENTARIO\templates\inventarioequipos.html", line 782, in top-level template code
    <td>{{ b[0] }}</td>
    ^^^^^^^^^^^^^
  File "C:\Users\juans\OneDrive\Documents\PROYECTOS\INVENTARIO\venv\Lib\site-packages\jinja2\environment.py", line 471, in getitem
    return obj[argument]
           ~~~^^^^^^^^^^
jinja2.exceptions.UndefinedError: 'b' is undefined
2025-09-16 18:20:03,880 - INFO - Serving on http://0.0.0.0:5000
2025-09-16 18:20:07,719 - INFO - Usuario: juanse | Rol: administrador  | GET /inventario_equipos
2025-09-16 18:20:16,380 - INFO - Usuario: juanse | Rol: administrador  | POST /usuarios/revertir/3
2025-09-16 18:20:16,493 - INFO - Usuario: juanse | Rol: administrador  | GET /inventario_equipos
2025-09-16 18:20:31,657 - INFO - Usuario: juanse | Rol: administrador  | POST /usuarios/baja/3
2025-09-16 18:20:31,727 - INFO - Usuario: juanse | Rol: administrador  | GET /inventario_equipos
2025-09-16 18:42:54,069 - INFO - Serving on http://0.0.0.0:5000
2025-09-16 18:42:56,832 - INFO - Usuario: juanse | Rol: administrador  | GET /inventario_equipos
2025-09-16 18:44:33,376 - INFO - Usuario: juanse | Rol: administrador  | POST /areas/crear
2025-09-16 18:44:33,445 - INFO - Usuario: juanse | Rol: administrador  | GET /inventario_equipos
2025-09-16 18:44:58,710 - INFO - Usuario: juanse | Rol: administrador  | POST /cargos/crear
2025-09-16 18:44:58,863 - INFO - Usuario: juanse | Rol: administrador  | GET /inventario_equipos
2025-09-16 18:45:37,220 - INFO - Usuario: juanse | Rol: administrador  | GET /.well-known/appspecific/com.chrome.devtools.json
2025-09-16 20:54:25,944 - INFO - Usuario: juanse | Rol: administrador  | GET /inventario_equipos
2025-09-16 20:54:35,516 - INFO - Usuario: juanse | Rol: administrador  | POST /usuarios/revertir/3
2025-09-16 20:54:35,673 - INFO - Usuario: juanse | Rol: administrador  | GET /inventario_equipos
2025-09-16 21:03:23,604 - INFO - Usuario: juanse | Rol: administrador  | GET /inventario_equipos
2025-09-16 21:03:30,797 - INFO - Serving on http://0.0.0.0:5000
2025-09-16 21:03:48,556 - INFO - Usuario: juanse | Rol: administrador  | POST /areas/crear
2025-09-16 21:03:48,630 - INFO - Usuario: juanse | Rol: administrador  | GET /inventario_equipos
2025-09-16 21:04:00,662 - INFO - Usuario: juanse | Rol: administrador  | POST /areas/eliminar/2
2025-09-16 21:04:00,748 - INFO - Usuario: juanse | Rol: administrador  | GET /inventario_equipos
2025-09-16 21:04:08,900 - INFO - Usuario: juanse | Rol: administrador  | POST /areas/eliminar/26
2025-09-16 21:04:08,982 - INFO - Usuario: juanse | Rol: administrador  | GET /inventario_equipos
2025-09-16 21:04:18,308 - INFO - Usuario: juanse | Rol: administrador  | POST /areas/editar/2
2025-09-16 21:04:18,376 - INFO - Usuario: juanse | Rol: administrador  | GET /inventario_equipos
2025-09-16 21:04:35,972 - INFO - Usuario: juanse | Rol: administrador  | POST /cargos/crear
2025-09-16 21:04:36,127 - INFO - Usuario: juanse | Rol: administrador  | GET /inventario_equipos
2025-09-16 21:04:46,396 - INFO - Usuario: juanse | Rol: administrador  | POST /cargos/eliminar/28
2025-09-16 21:04:46,494 - INFO - Usuario: juanse | Rol: administrador  | GET /inventario_equipos
2025-09-16 21:04:56,373 - INFO - Usuario: juanse | Rol: administrador  | POST /cargos/editar/3
2025-09-16 21:04:56,438 - INFO - Usuario: juanse | Rol: administrador  | GET /inventario_equipos
2025-09-16 21:08:05,613 - INFO - Usuario: juanse | Rol: administrador  | POST /usuarios/baja/3
2025-09-16 21:08:05,683 - INFO - Usuario: juanse | Rol: administrador  | GET /inventario_equipos
2025-09-16 21:08:31,784 - INFO - Usuario: juanse | Rol: administrador  | POST /inventario_equipos
2025-09-16 21:08:35,596 - INFO - Usuario: juanse | Rol: administrador  | GET /inventario_equipos
2025-09-16 21:08:40,710 - INFO - Usuario: juanse | Rol: administrador  | POST /inventario_equipos
2025-09-16 21:32:07,737 - INFO - Usuario: juanse | Rol: administrador  | POST /inventario_equipos
2025-09-16 21:32:25,502 - INFO - Serving on http://0.0.0.0:5000
2025-09-16 21:37:23,136 - INFO - Serving on http://0.0.0.0:5000
2025-09-16 21:37:27,279 - INFO - Usuario: juanse | Rol: administrador  | POST /inventario_equipos
2025-09-16 21:37:32,449 - INFO - Usuario: juanse | Rol: administrador  | POST /inventario_equipos
2025-09-16 21:38:41,727 - INFO - Serving on http://0.0.0.0:5000
2025-09-16 21:38:45,310 - INFO - Usuario: juanse | Rol: administrador  | GET /inventario_equipos
2025-09-16 21:38:52,376 - INFO - Usuario: juanse | Rol: administrador  | POST /inventario_equipos
2025-09-16 21:40:12,656 - INFO - Serving on http://0.0.0.0:5000
2025-09-16 21:40:14,198 - INFO - Usuario: juanse | Rol: administrador  | GET /inventario_equipos
2025-09-16 21:40:14,947 - INFO - Usuario: juanse | Rol: administrador  | GET /inventario_equipos
2025-09-16 21:42:57,002 - INFO - Usuario: juanse | Rol: administrador  | POST /inventario_equipos
2025-09-16 22:03:35,137 - INFO - Serving on http://0.0.0.0:5000
2025-09-16 22:03:37,573 - INFO - Usuario: juanse | Rol: administrador  | GET /inventario_equipos
2025-09-16 22:03:49,374 - INFO - Usuario: juanse | Rol: administrador  | POST /inventario_equipos
2025-09-16 22:11:00,386 - INFO - Serving on http://0.0.0.0:5000
2025-09-16 22:11:04,603 - INFO - Usuario: juanse | Rol: administrador  | GET /inventario_equipos
2025-09-16 22:11:04,769 - ERROR - Exception on /inventario_equipos [GET]
Traceback (most recent call last):
  File "C:\Users\juans\OneDrive\Documents\PROYECTOS\INVENTARIO\venv\Lib\site-packages\flask\app.py", line 1511, in wsgi_app
    response = self.full_dispatch_request()
  File "C:\Users\juans\OneDrive\Documents\PROYECTOS\INVENTARIO\venv\Lib\site-packages\flask\app.py", line 919, in full_dispatch_request
    rv = self.handle_user_exception(e)
  File "C:\Users\juans\OneDrive\Documents\PROYECTOS\INVENTARIO\venv\Lib\site-packages\flask\app.py", line 917, in full_dispatch_request
    rv = self.dispatch_request()
  File "C:\Users\juans\OneDrive\Documents\PROYECTOS\INVENTARIO\venv\Lib\site-packages\flask\app.py", line 902, in dispatch_request
    return self.ensure_sync(self.view_functions[rule.endpoint])(**view_args)  # type: ignore[no-any-return]
           ~~~~~~~~~~~~~~~~~~~~~~~~~~~~~~~~~~~~~~~~~~~~~~~~~~~~^^^^^^^^^^^^^
  File "C:\Users\juans\OneDrive\Documents\PROYECTOS\INVENTARIO\invequip.py", line 101, in inventario_equipos
    return render_template("inventarioequipos.html",
                           usuario=session["usuario"],
    ...<13 lines>...
                           telefonos=telefonos,
                           bajas_usuarios=bajas_usuarios)
  File "C:\Users\juans\OneDrive\Documents\PROYECTOS\INVENTARIO\venv\Lib\site-packages\flask\templating.py", line 150, in render_template
    return _render(app, template, context)
  File "C:\Users\juans\OneDrive\Documents\PROYECTOS\INVENTARIO\venv\Lib\site-packages\flask\templating.py", line 131, in _render
    rv = template.render(context)
  File "C:\Users\juans\OneDrive\Documents\PROYECTOS\INVENTARIO\venv\Lib\site-packages\jinja2\environment.py", line 1295, in render
    self.environment.handle_exception()
    ~~~~~~~~~~~~~~~~~~~~~~~~~~~~~~~~~^^
  File "C:\Users\juans\OneDrive\Documents\PROYECTOS\INVENTARIO\venv\Lib\site-packages\jinja2\environment.py", line 942, in handle_exception
    raise rewrite_traceback_stack(source=source)
  File "C:\Users\juans\OneDrive\Documents\PROYECTOS\INVENTARIO\templates\inventarioequipos.html", line 1071, in top-level template code
    <form method="POST" action="{{ url_for('invequip.editar_usuario') }}" id="formEditarUsuario">
    ^^^^^^^^^^^^^^^^^^^^^
  File "C:\Users\juans\OneDrive\Documents\PROYECTOS\INVENTARIO\venv\Lib\site-packages\flask\app.py", line 1121, in url_for
    return self.handle_url_build_error(error, endpoint, values)
           ~~~~~~~~~~~~~~~~~~~~~~~~~~~^^^^^^^^^^^^^^^^^^^^^^^^^
  File "C:\Users\juans\OneDrive\Documents\PROYECTOS\INVENTARIO\venv\Lib\site-packages\flask\app.py", line 1110, in url_for
    rv = url_adapter.build(  # type: ignore[union-attr]
        endpoint,
    ...<3 lines>...
        force_external=_external,
    )
  File "C:\Users\juans\OneDrive\Documents\PROYECTOS\INVENTARIO\venv\Lib\site-packages\werkzeug\routing\map.py", line 924, in build
    raise BuildError(endpoint, values, method, self)
werkzeug.routing.exceptions.BuildError: Could not build url for endpoint 'invequip.editar_usuario'. Did you forget to specify values ['id']?
2025-09-16 22:11:09,819 - INFO - Usuario: juanse | Rol: administrador  | GET /inventario_equipos
2025-09-16 22:11:09,970 - ERROR - Exception on /inventario_equipos [GET]
Traceback (most recent call last):
  File "C:\Users\juans\OneDrive\Documents\PROYECTOS\INVENTARIO\venv\Lib\site-packages\flask\app.py", line 1511, in wsgi_app
    response = self.full_dispatch_request()
  File "C:\Users\juans\OneDrive\Documents\PROYECTOS\INVENTARIO\venv\Lib\site-packages\flask\app.py", line 919, in full_dispatch_request
    rv = self.handle_user_exception(e)
  File "C:\Users\juans\OneDrive\Documents\PROYECTOS\INVENTARIO\venv\Lib\site-packages\flask\app.py", line 917, in full_dispatch_request
    rv = self.dispatch_request()
  File "C:\Users\juans\OneDrive\Documents\PROYECTOS\INVENTARIO\venv\Lib\site-packages\flask\app.py", line 902, in dispatch_request
    return self.ensure_sync(self.view_functions[rule.endpoint])(**view_args)  # type: ignore[no-any-return]
           ~~~~~~~~~~~~~~~~~~~~~~~~~~~~~~~~~~~~~~~~~~~~~~~~~~~~^^^^^^^^^^^^^
  File "C:\Users\juans\OneDrive\Documents\PROYECTOS\INVENTARIO\invequip.py", line 101, in inventario_equipos
    return render_template("inventarioequipos.html",
                           usuario=session["usuario"],
    ...<13 lines>...
                           telefonos=telefonos,
                           bajas_usuarios=bajas_usuarios)
  File "C:\Users\juans\OneDrive\Documents\PROYECTOS\INVENTARIO\venv\Lib\site-packages\flask\templating.py", line 150, in render_template
    return _render(app, template, context)
  File "C:\Users\juans\OneDrive\Documents\PROYECTOS\INVENTARIO\venv\Lib\site-packages\flask\templating.py", line 131, in _render
    rv = template.render(context)
  File "C:\Users\juans\OneDrive\Documents\PROYECTOS\INVENTARIO\venv\Lib\site-packages\jinja2\environment.py", line 1295, in render
    self.environment.handle_exception()
    ~~~~~~~~~~~~~~~~~~~~~~~~~~~~~~~~~^^
  File "C:\Users\juans\OneDrive\Documents\PROYECTOS\INVENTARIO\venv\Lib\site-packages\jinja2\environment.py", line 942, in handle_exception
    raise rewrite_traceback_stack(source=source)
  File "C:\Users\juans\OneDrive\Documents\PROYECTOS\INVENTARIO\templates\inventarioequipos.html", line 1071, in top-level template code
    <form method="POST" action="{{ url_for('invequip.editar_usuario') }}" id="formEditarUsuario">
    ^^^^^^^^^^^^^^^^^^^^^
  File "C:\Users\juans\OneDrive\Documents\PROYECTOS\INVENTARIO\venv\Lib\site-packages\flask\app.py", line 1121, in url_for
    return self.handle_url_build_error(error, endpoint, values)
           ~~~~~~~~~~~~~~~~~~~~~~~~~~~^^^^^^^^^^^^^^^^^^^^^^^^^
  File "C:\Users\juans\OneDrive\Documents\PROYECTOS\INVENTARIO\venv\Lib\site-packages\flask\app.py", line 1110, in url_for
    rv = url_adapter.build(  # type: ignore[union-attr]
        endpoint,
    ...<3 lines>...
        force_external=_external,
    )
  File "C:\Users\juans\OneDrive\Documents\PROYECTOS\INVENTARIO\venv\Lib\site-packages\werkzeug\routing\map.py", line 924, in build
    raise BuildError(endpoint, values, method, self)
werkzeug.routing.exceptions.BuildError: Could not build url for endpoint 'invequip.editar_usuario'. Did you forget to specify values ['id']?
2025-09-16 22:12:27,545 - INFO - Serving on http://0.0.0.0:5000
2025-09-16 22:12:27,683 - INFO - Usuario: juanse | Rol: administrador  | GET /inventario_equipos
2025-09-16 22:12:56,294 - INFO - Serving on http://0.0.0.0:5000
2025-09-16 22:13:01,421 - INFO - Usuario: juanse | Rol: administrador  | GET /inventario_equipos
2025-09-16 22:13:20,818 - INFO - Usuario: juanse | Rol: administrador  | POST /usuarios/editar
2025-09-16 22:13:20,884 - INFO - Usuario: juanse | Rol: administrador  | GET /inventario_equipos
2025-09-16 22:13:22,835 - INFO - Usuario: juanse | Rol: administrador  | GET /inventario_equipos
2025-09-16 22:21:56,830 - INFO - Serving on http://0.0.0.0:5000
2025-09-16 22:21:57,066 - INFO - Usuario: juanse | Rol: administrador  | GET /inventario_equipos
2025-09-16 22:25:20,100 - INFO - Serving on http://0.0.0.0:5000
2025-09-16 22:25:58,252 - INFO - Usuario: juanse | Rol: administrador  | GET /inventario_equipos
2025-09-16 23:02:10,332 - INFO - Serving on http://0.0.0.0:5000
2025-09-16 23:02:12,276 - INFO - Usuario: juanse | Rol: administrador  | GET /inventario_equipos
2025-09-16 23:04:23,028 - INFO - Usuario: juanse | Rol: administrador  | POST /usuarios/editar
2025-09-16 23:04:23,098 - INFO - Usuario: juanse | Rol: administrador  | GET /inventario_equipos
2025-09-16 23:04:28,362 - INFO - Usuario: juanse | Rol: administrador  | GET /inventario_equipos
2025-09-16 23:04:53,880 - INFO - Usuario: juanse | Rol: administrador  | POST /usuarios/crear
2025-09-16 23:04:54,039 - INFO - Usuario: juanse | Rol: administrador  | GET /inventario_equipos
2025-09-16 23:12:25,580 - INFO - Serving on http://0.0.0.0:5000
2025-09-16 23:12:27,672 - INFO - Usuario: juanse | Rol: administrador  | GET /inventario_equipos
2025-09-16 23:12:57,778 - INFO - Serving on http://0.0.0.0:5000
2025-09-16 23:12:58,542 - INFO - Usuario: juanse | Rol: administrador  | GET /inventario_equipos
2025-09-16 23:22:53,746 - INFO - Serving on http://0.0.0.0:5000
2025-09-16 23:22:56,068 - INFO - Usuario: juanse | Rol: administrador  | GET /inventario_equipos
2025-09-16 23:24:29,914 - INFO - Serving on http://0.0.0.0:5000
2025-09-16 23:24:33,901 - INFO - Usuario: juanse | Rol: administrador  | GET /inventario_equipos
2025-09-16 23:26:01,187 - INFO - Usuario: juanse | Rol: administrador  | GET /home
2025-09-16 23:26:01,197 - INFO - Usuario: ANÓNIMO | Rol: SIN ROL  | GET /
2025-09-16 23:26:09,357 - INFO - Usuario: ANÓNIMO | Rol: SIN ROL  | POST /
2025-09-16 23:26:09,649 - INFO - Usuario: jefe | Rol: jefe  | GET /home
2025-09-16 23:26:11,772 - INFO - Usuario: jefe | Rol: jefe  | GET /inventario_equipos
2025-09-16 23:26:47,818 - INFO - Usuario: jefe | Rol: jefe  | GET /inventario_equipos
2025-09-16 23:27:24,468 - INFO - Serving on http://0.0.0.0:5000
2025-09-16 23:27:25,409 - INFO - Usuario: jefe | Rol: jefe  | GET /inventario_equipos
2025-09-16 23:27:26,376 - INFO - Usuario: jefe | Rol: jefe  | GET /inventario_equipos
2025-09-16 23:32:00,187 - INFO - Serving on http://0.0.0.0:5000
2025-09-16 23:32:04,239 - INFO - Usuario: jefe | Rol: jefe  | GET /inventario_equipos
2025-09-16 23:33:50,750 - INFO - Serving on http://0.0.0.0:5000
2025-09-16 23:33:54,622 - INFO - Usuario: jefe | Rol: jefe  | GET /inventario_equipos
2025-09-16 23:33:55,658 - INFO - Usuario: jefe | Rol: jefe  | GET /inventario_equipos
2025-09-16 23:35:51,558 - INFO - Serving on http://0.0.0.0:5000
2025-09-16 23:35:53,434 - INFO - Usuario: jefe | Rol: jefe  | GET /inventario_equipos
2025-09-16 23:42:35,925 - INFO - Serving on http://0.0.0.0:5000
2025-09-16 23:42:38,390 - INFO - Usuario: jefe | Rol: jefe  | GET /inventario_equipos
2025-09-16 23:50:35,997 - INFO - Serving on http://0.0.0.0:5000
2025-09-16 23:50:39,591 - INFO - Usuario: jefe | Rol: jefe  | GET /inventario_equipos
2025-09-17 00:00:20,600 - INFO - Serving on http://0.0.0.0:5000
2025-09-17 00:00:21,476 - INFO - Usuario: jefe | Rol: jefe  | GET /inventario_equipos
2025-09-17 00:00:22,483 - INFO - Usuario: jefe | Rol: jefe  | GET /inventario_equipos
2025-09-17 00:00:42,686 - INFO - Usuario: jefe | Rol: jefe  | GET /home
2025-09-17 00:00:42,691 - INFO - Usuario: ANÓNIMO | Rol: SIN ROL  | GET /
2025-09-17 00:00:48,008 - INFO - Usuario: ANÓNIMO | Rol: SIN ROL  | POST /
2025-09-17 00:00:48,364 - INFO - Usuario: jefe | Rol: jefe  | GET /home
2025-09-17 00:00:50,419 - INFO - Usuario: jefe | Rol: jefe  | GET /inventario_equipos
2025-09-17 00:00:51,447 - INFO - Usuario: jefe | Rol: jefe  | GET /home
2025-09-17 00:00:52,515 - INFO - Usuario: jefe | Rol: jefe  | GET /inventario_equipos
2025-09-17 00:02:27,920 - INFO - Usuario: jefe | Rol: jefe  | GET /.well-known/appspecific/com.chrome.devtools.json
2025-09-17 00:11:14,699 - INFO - Serving on http://0.0.0.0:5000
2025-09-17 00:11:17,055 - INFO - Usuario: jefe | Rol: jefe  | GET /inventario_equipos
2025-09-17 00:11:17,335 - INFO - Usuario: jefe | Rol: jefe  | GET /.well-known/appspecific/com.chrome.devtools.json
2025-09-17 00:12:26,870 - INFO - Usuario: jefe | Rol: jefe  | GET /inventario_equipos
2025-09-17 00:12:26,989 - INFO - Usuario: jefe | Rol: jefe  | GET /.well-known/appspecific/com.chrome.devtools.json
2025-09-17 00:14:09,852 - INFO - Usuario: jefe | Rol: jefe  | POST /areas/crear
2025-09-17 00:14:10,014 - INFO - Usuario: jefe | Rol: jefe  | GET /inventario_equipos
2025-09-17 00:14:13,859 - INFO - Usuario: jefe | Rol: jefe  | POST /areas/crear
2025-09-17 00:14:14,011 - INFO - Usuario: jefe | Rol: jefe  | GET /inventario_equipos
2025-09-17 00:14:19,206 - INFO - Usuario: jefe | Rol: jefe  | POST /areas/crear
2025-09-17 00:14:19,272 - INFO - Usuario: jefe | Rol: jefe  | GET /inventario_equipos
2025-09-17 00:14:23,241 - INFO - Usuario: jefe | Rol: jefe  | POST /areas/crear
2025-09-17 00:14:23,317 - INFO - Usuario: jefe | Rol: jefe  | GET /inventario_equipos
2025-09-17 00:14:27,753 - INFO - Usuario: jefe | Rol: jefe  | POST /areas/crear
2025-09-17 00:14:27,907 - INFO - Usuario: jefe | Rol: jefe  | GET /inventario_equipos
2025-09-17 00:14:32,057 - INFO - Usuario: jefe | Rol: jefe  | POST /areas/crear
2025-09-17 00:14:32,221 - INFO - Usuario: jefe | Rol: jefe  | GET /inventario_equipos
2025-09-17 00:14:38,410 - INFO - Usuario: jefe | Rol: jefe  | POST /areas/crear
2025-09-17 00:14:38,471 - INFO - Usuario: jefe | Rol: jefe  | GET /inventario_equipos
2025-09-17 00:14:51,867 - INFO - Usuario: jefe | Rol: jefe  | POST /areas/crear
2025-09-17 00:14:52,032 - INFO - Usuario: jefe | Rol: jefe  | GET /inventario_equipos
2025-09-17 00:14:56,422 - INFO - Usuario: jefe | Rol: jefe  | POST /areas/crear
2025-09-17 00:14:56,482 - INFO - Usuario: jefe | Rol: jefe  | GET /inventario_equipos
2025-09-17 00:15:00,999 - INFO - Usuario: jefe | Rol: jefe  | POST /areas/crear
2025-09-17 00:15:01,062 - INFO - Usuario: jefe | Rol: jefe  | GET /inventario_equipos
2025-09-17 00:15:30,399 - INFO - Usuario: jefe | Rol: jefe  | GET /.well-known/appspecific/com.chrome.devtools.json
2025-09-17 00:16:07,325 - INFO - Serving on http://0.0.0.0:5000
2025-09-17 00:16:57,299 - INFO - Usuario: ANÓNIMO | Rol: SIN ROL  | GET /
2025-09-17 00:16:59,031 - INFO - Usuario: ANÓNIMO | Rol: SIN ROL  | GET /static/favicon.svg
2025-09-17 00:17:07,941 - INFO - Usuario: ANÓNIMO | Rol: SIN ROL  | POST /
2025-09-17 00:17:30,886 - INFO - Usuario: ANÓNIMO | Rol: SIN ROL  | POST /
2025-09-17 00:17:31,794 - INFO - Usuario: juanse | Rol: administrador  | GET /home
2025-09-17 00:17:38,250 - INFO - Usuario: juanse | Rol: administrador  | GET /inventario_equipos
2025-09-17 00:17:39,988 - INFO - Usuario: juanse | Rol: administrador  | GET /favicon.ico
2025-09-17 00:20:16,279 - INFO - Usuario: juanse | Rol: administrador  | GET /inventario_equipos
2025-09-17 00:20:54,560 - INFO - Usuario: ANÓNIMO | Rol: SIN ROL  | GET /
2025-09-17 00:20:55,369 - INFO - Usuario: ANÓNIMO | Rol: SIN ROL  | GET /static/favicon.svg
2025-09-17 00:21:00,853 - INFO - Usuario: ANÓNIMO | Rol: SIN ROL  | POST /
2025-09-17 00:21:01,624 - INFO - Usuario: jefe | Rol: jefe  | GET /home
2025-09-17 00:21:07,651 - INFO - Usuario: jefe | Rol: jefe  | GET /inventario_equipos
2025-09-17 00:21:08,761 - INFO - Usuario: jefe | Rol: jefe  | GET /favicon.ico
